TN:
SF:script/DeployStore.s.sol
DA:8,0
FN:8,DeploySimpleStorageName.run
FNDA:0,DeploySimpleStorageName.run
DA:10,0
DA:13,0
DA:16,0
FNF:1
FNH:0
LF:4
LH:0
BRF:0
BRH:0
end_of_record
TN:
SF:src/BooleanToggle.sol
DA:19,0
FN:19,BooleanToggle.toggle
FNDA:0,BooleanToggle.toggle
DA:20,0
DA:21,0
DA:26,0
FN:26,BooleanToggle.turnOn
FNDA:0,BooleanToggle.turnOn
DA:27,0
BRDA:27,0,0,-
DA:28,0
DA:29,0
DA:35,0
FN:35,BooleanToggle.turnOff
FNDA:0,BooleanToggle.turnOff
DA:36,0
BRDA:36,1,0,-
DA:37,0
DA:38,0
DA:44,0
FN:44,BooleanToggle.getStatus
FNDA:0,BooleanToggle.getStatus
DA:45,0
FNF:4
FNH:0
LF:13
LH:0
BRF:2
BRH:0
end_of_record
TN:
SF:src/SimpleStorage.sol
DA:15,2
FN:15,SimpleStorage.store
FNDA:2,SimpleStorage.store
DA:16,2
DA:23,1
FN:23,SimpleStorage.retrieve
FNDA:1,SimpleStorage.retrieve
DA:24,1
FNF:2
FNH:2
LF:4
LH:4
BRF:0
BRH:0
end_of_record
TN:
SF:src/SimpleStorageName.sol
DA:22,265
FN:22,SimpleStorageName.set
FNDA:265,SimpleStorageName.set
DA:23,265
DA:24,265
DA:30,263
FN:30,SimpleStorageName.get
FNDA:263,SimpleStorageName.get
DA:31,263
FNF:2
FNH:2
LF:5
LH:5
BRF:0
BRH:0
end_of_record
